#
# There is insufficient memory for the Java Runtime Environment to continue.
# Native memory allocation (mmap) failed to map 264241152 bytes for G1 virtual space
# Possible reasons:
#   The system is out of physical RAM or swap space
#   The process is running with CompressedOops enabled, and the Java Heap may be blocking the growth of the native heap
# Possible solutions:
#   Reduce memory load on the system
#   Increase physical memory or swap space
#   Check if swap backing store is full
#   Decrease Java heap size (-Xmx/-Xms)
#   Decrease number of Java threads
#   Decrease Java thread stack sizes (-Xss)
#   Set larger code cache with -XX:ReservedCodeCacheSize=
#   JVM is running with Zero Based Compressed Oops mode in which the Java heap is
#     placed in the first 32GB address space. The Java Heap base address is the
#     maximum limit for the native heap growth. Please use -XX:HeapBaseMinAddress
#     to set the Java Heap base and to place the Java Heap above 32GB virtual address.
# This output file may be truncated or incomplete.
#
#  Out of Memory Error (os_windows.cpp:3548), pid=4836, tid=22516
#
# JRE version:  (17.0.12+8) (build )
# Java VM: Java HotSpot(TM) 64-Bit Server VM (17.0.12+8-LTS-286, mixed mode, sharing, tiered, compressed oops, compressed class ptrs, g1 gc, windows-amd64)
# No core dump will be written. Minidumps are not enabled by default on client versions of Windows
#

---------------  S U M M A R Y ------------

Command Line: -Dclassworlds.conf=C:\Program Files\NetBeans-23\netbeans\java\maven\bin\m2.conf -Dmaven.home=C:\Program Files\NetBeans-23\netbeans\java\maven -Dlibrary.jansi.path=C:\Program Files\NetBeans-23\netbeans\java\maven\lib\jansi-native -Dmaven.multiModuleProjectDirectory=C:\Users\Dell\Documents\NetBeansProjects\LibraryManagement org.codehaus.plexus.classworlds.launcher.Launcher -Dnetbeans.deploy=true -Dexec.vmArgs= -Dexec.appArgs= -Dmaven.ext.class.path=C:\Program Files\NetBeans-23\netbeans\java\maven-nblib\netbeans-eventspy.jar --no-transfer-progress package

Host: 11th Gen Intel(R) Core(TM) i3-1115G4 @ 3.00GHz, 4 cores, 15G,  Windows 11 , 64 bit Build 22621 (10.0.22621.3958)
Time: Sat Nov  9 22:06:12 2024 India Standard Time elapsed time: 0.009128 seconds (0d 0h 0m 0s)

---------------  T H R E A D  ---------------

Current thread (0x00000204a3d552d0):  JavaThread "Unknown thread" [_thread_in_vm, id=22516, stack(0x0000003691d00000,0x0000003691e00000)]

Stack: [0x0000003691d00000,0x0000003691e00000]
Native frames: (J=compiled Java code, j=interpreted, Vv=VM code, C=native code)
V  [jvm.dll+0x67a04a]
V  [jvm.dll+0x7da4ed]
V  [jvm.dll+0x7dbe33]
V  [jvm.dll+0x7dc4a3]
V  [jvm.dll+0x24508f]
V  [jvm.dll+0x677089]
V  [jvm.dll+0x66bd32]
V  [jvm.dll+0x301fa6]
V  [jvm.dll+0x309546]
V  [jvm.dll+0x359d2e]
V  [jvm.dll+0x359f5f]
V  [jvm.dll+0x2d9078]
V  [jvm.dll+0x2d9fe4]
V  [jvm.dll+0x7aca21]
V  [jvm.dll+0x367591]
V  [jvm.dll+0x78b999]
V  [jvm.dll+0x3ec83f]
V  [jvm.dll+0x3ee471]
C  [jli.dll+0x5297]
C  [ucrtbase.dll+0x29333]
C  [KERNEL32.DLL+0x1257d]
C  [ntdll.dll+0x5af08]


---------------  P R O C E S S  ---------------

Threads class SMR info:
_java_thread_list=0x00007ffa79e37a18, length=0, elements={
}

Java Threads: ( => current thread )

Other Threads:
  0x00000204a3dc14f0 GCTaskThread "GC Thread#0" [stack: 0x0000003691e00000,0x0000003691f00000] [id=18820]
  0x00000204a3dd2f50 ConcurrentGCThread "G1 Main Marker" [stack: 0x0000003691f00000,0x0000003692000000] [id=7104]
  0x00000204a3dd3860 ConcurrentGCThread "G1 Conc#0" [stack: 0x0000003692000000,0x0000003692100000] [id=16552]

[error occurred during error reporting (printing all threads), id 0xc0000005, EXCEPTION_ACCESS_VIOLATION (0xc0000005) at pc=0x00007ffa79669b67]

VM state: not at safepoint (not fully initialized)

VM Mutex/Monitor currently owned by a thread:  ([mutex/lock_event])
[0x00000204a3d52230] Heap_lock - owner thread: 0x00000204a3d552d0

Heap address: 0x0000000704000000, size: 4032 MB, Compressed Oops mode: Zero based, Oop shift amount: 3

CDS archive(s) mapped at: [0x0000000000000000-0x0000000000000000-0x0000000000000000), size 0, SharedBaseAddress: 0x0000000800000000, ArchiveRelocationMode: 1.
Narrow klass base: 0x0000000000000000, Narrow klass shift: 0, Narrow klass range: 0x0

GC Precious Log:
<Empty>

Heap:
 garbage-first heap   total 0K, used 0K [0x0000000704000000, 0x0000000800000000)
  region size 2048K, 0 young (0K), 0 survivors (0K)

[error occurred during error reporting (printing heap information), id 0xc0000005, EXCEPTION_ACCESS_VIOLATION (0xc0000005) at pc=0x00007ffa79a53859]

GC Heap History (0 events):
No events

Deoptimization events (0 events):
No events

Classes unloaded (0 events):
No events

Classes redefined (0 events):
No events

Internal exceptions (0 events):
No events

VM Operations (0 events):
No events

Events (1 events):
Event: 0.005 Loaded shared library C:\Program Files\Java\jdk-17\bin\java.dll


Dynamic libraries:
0x00007ff6f01d0000 - 0x00007ff6f01e0000 	C:\Program Files\Java\jdk-17\bin\java.exe
0x00007ffaf3e70000 - 0x00007ffaf4087000 	C:\Windows\SYSTEM32\ntdll.dll
0x00007ffaf2080000 - 0x00007ffaf2144000 	C:\Windows\System32\KERNEL32.DLL
0x00007ffaf1350000 - 0x00007ffaf1707000 	C:\Windows\System32\KERNELBASE.dll
0x00007ffaf1230000 - 0x00007ffaf1341000 	C:\Windows\System32\ucrtbase.dll
0x00007ffaeb7d0000 - 0x00007ffaeb7eb000 	C:\Program Files\Java\jdk-17\bin\VCRUNTIME140.dll
0x00007ffae2d60000 - 0x00007ffae2d79000 	C:\Program Files\Java\jdk-17\bin\jli.dll
0x00007ffaf2450000 - 0x00007ffaf2502000 	C:\Windows\System32\ADVAPI32.dll
0x00007ffaf3ae0000 - 0x00007ffaf3b87000 	C:\Windows\System32\msvcrt.dll
0x00007ffaf2230000 - 0x00007ffaf22d8000 	C:\Windows\System32\sechost.dll
0x00007ffaf18d0000 - 0x00007ffaf18f8000 	C:\Windows\System32\bcrypt.dll
0x00007ffaf2330000 - 0x00007ffaf2444000 	C:\Windows\System32\RPCRT4.dll
0x00007ffaf3770000 - 0x00007ffaf391f000 	C:\Windows\System32\USER32.dll
0x00007ffaf1180000 - 0x00007ffaf11a6000 	C:\Windows\System32\win32u.dll
0x00007ffaf3a20000 - 0x00007ffaf3a49000 	C:\Windows\System32\GDI32.dll
0x00007ffaf1710000 - 0x00007ffaf1828000 	C:\Windows\System32\gdi32full.dll
0x00007ffad9da0000 - 0x00007ffada033000 	C:\Windows\WinSxS\amd64_microsoft.windows.common-controls_6595b64144ccf1df_6.0.22621.3672_none_2713b9d173822955\COMCTL32.dll
0x00007ffaf1830000 - 0x00007ffaf18ca000 	C:\Windows\System32\msvcp_win.dll
0x00007ffae6c80000 - 0x00007ffae6c8a000 	C:\Windows\SYSTEM32\VERSION.dll
0x00007ffaf22e0000 - 0x00007ffaf2311000 	C:\Windows\System32\IMM32.DLL
0x00007ffaea810000 - 0x00007ffaea81c000 	C:\Program Files\Java\jdk-17\bin\vcruntime140_1.dll
0x00007ffad8210000 - 0x00007ffad829e000 	C:\Program Files\Java\jdk-17\bin\msvcp140.dll
0x00007ffa79380000 - 0x00007ffa79f60000 	C:\Program Files\Java\jdk-17\bin\server\jvm.dll
0x00007ffaf2320000 - 0x00007ffaf2328000 	C:\Windows\System32\PSAPI.DLL
0x00007ffab9340000 - 0x00007ffab9349000 	C:\Windows\SYSTEM32\WSOCK32.dll
0x00007ffae5370000 - 0x00007ffae53a4000 	C:\Windows\SYSTEM32\WINMM.dll
0x00007ffaf2150000 - 0x00007ffaf21c1000 	C:\Windows\System32\WS2_32.dll
0x00007ffaf01d0000 - 0x00007ffaf01e8000 	C:\Windows\SYSTEM32\kernel.appcore.dll
0x00007ffaea7e0000 - 0x00007ffaea7ea000 	C:\Program Files\Java\jdk-17\bin\jimage.dll
0x00007ffaeeb00000 - 0x00007ffaeed32000 	C:\Windows\SYSTEM32\DBGHELP.DLL
0x00007ffaf3220000 - 0x00007ffaf35ae000 	C:\Windows\System32\combase.dll
0x00007ffaf3b90000 - 0x00007ffaf3c67000 	C:\Windows\System32\OLEAUT32.dll
0x00007ffad0690000 - 0x00007ffad06c2000 	C:\Windows\SYSTEM32\dbgcore.DLL
0x00007ffaf11b0000 - 0x00007ffaf122b000 	C:\Windows\System32\bcryptPrimitives.dll
0x00007ffaea5a0000 - 0x00007ffaea5c5000 	C:\Program Files\Java\jdk-17\bin\java.dll

dbghelp: loaded successfully - version: 4.0.5 - missing functions: none
symbol engine: initialized successfully - sym options: 0x614 - pdb path: .;C:\Program Files\Java\jdk-17\bin;C:\Windows\SYSTEM32;C:\Windows\WinSxS\amd64_microsoft.windows.common-controls_6595b64144ccf1df_6.0.22621.3672_none_2713b9d173822955;C:\Program Files\Java\jdk-17\bin\server

VM Arguments:
jvm_args: -Dclassworlds.conf=C:\Program Files\NetBeans-23\netbeans\java\maven\bin\m2.conf -Dmaven.home=C:\Program Files\NetBeans-23\netbeans\java\maven -Dlibrary.jansi.path=C:\Program Files\NetBeans-23\netbeans\java\maven\lib\jansi-native -Dmaven.multiModuleProjectDirectory=C:\Users\Dell\Documents\NetBeansProjects\LibraryManagement 
java_command: org.codehaus.plexus.classworlds.launcher.Launcher -Dnetbeans.deploy=true -Dexec.vmArgs= -Dexec.appArgs= -Dmaven.ext.class.path=C:\Program Files\NetBeans-23\netbeans\java\maven-nblib\netbeans-eventspy.jar --no-transfer-progress package
java_class_path (initial): C:\Program Files\NetBeans-23\netbeans\java\maven\boot\plexus-classworlds-2.8.0.jar
Launcher Type: SUN_STANDARD

[Global flags]
     intx CICompilerCount                          = 3                                         {product} {ergonomic}
     uint ConcGCThreads                            = 1                                         {product} {ergonomic}
     uint G1ConcRefinementThreads                  = 4                                         {product} {ergonomic}
   size_t G1HeapRegionSize                         = 2097152                                   {product} {ergonomic}
    uintx GCDrainStackTargetSize                   = 64                                        {product} {ergonomic}
   size_t InitialHeapSize                          = 264241152                                 {product} {ergonomic}
   size_t MarkStackSize                            = 4194304                                   {product} {ergonomic}
   size_t MaxHeapSize                              = 4227858432                                {product} {ergonomic}
   size_t MinHeapDeltaBytes                        = 2097152                                   {product} {ergonomic}
   size_t MinHeapSize                              = 8388608                                   {product} {ergonomic}
    uintx NonNMethodCodeHeapSize                   = 5832780                                {pd product} {ergonomic}
    uintx NonProfiledCodeHeapSize                  = 122912730                              {pd product} {ergonomic}
    uintx ProfiledCodeHeapSize                     = 122912730                              {pd product} {ergonomic}
    uintx ReservedCodeCacheSize                    = 251658240                              {pd product} {ergonomic}
     bool SegmentedCodeCache                       = true                                      {product} {ergonomic}
   size_t SoftMaxHeapSize                          = 4227858432                             {manageable} {ergonomic}
     bool UseCompressedClassPointers               = true                           {product lp64_product} {ergonomic}
     bool UseCompressedOops                        = true                           {product lp64_product} {ergonomic}
     bool UseG1GC                                  = true                                      {product} {ergonomic}
     bool UseLargePagesIndividualAllocation        = false                                  {pd product} {ergonomic}

Logging:
Log output configuration:
 #0: stdout all=warning uptime,level,tags
 #1: stderr all=off uptime,level,tags

Environment Variables:
JAVA_HOME=C:\Program Files\Java\jdk-17
PATH=C:\Program Files\Common Files\Oracle\Java\javapath;C:\Windows\system32;C:\Windows;C:\Windows\System32\Wbem;C:\Windows\System32\WindowsPowerShell\v1.0\;C:\Windows\System32\OpenSSH\;C:\Program Files\Git\cmd;C:\Program Files\MongoDB\mongosh-2.3.2-win32-x64\bin;C:\Program Files\Java\jdk-17\bin;C:\Program Files\MySQL\MySQL Shell 8.0\bin\;C:\Users\Dell\AppData\Local\Microsoft\WindowsApps;C:\Program Files\JetBrains\IntelliJ IDEA 2024.2.3\bin;;C:\Program Files\JetBrains\IntelliJ IDEA Community Edition 2024.2.3\bin;;C:\Users\Dell\AppData\Local\Programs\Microsoft VS Code\bin
USERNAME=Dell
OS=Windows_NT
PROCESSOR_IDENTIFIER=Intel64 Family 6 Model 140 Stepping 1, GenuineIntel



---------------  S Y S T E M  ---------------

OS:
 Windows 11 , 64 bit Build 22621 (10.0.22621.3958)
OS uptime: 7 days 20:50 hours

CPU: total 4 (initial active 4) (2 cores per cpu, 2 threads per core) family 6 model 140 stepping 1 microcode 0xb8, cx8, cmov, fxsr, ht, mmx, 3dnowpref, sse, sse2, sse3, ssse3, sse4.1, sse4.2, popcnt, lzcnt, tsc, tscinvbit, avx, avx2, aes, erms, clmul, bmi1, bmi2, adx, avx512f, avx512dq, avx512cd, avx512bw, avx512vl, sha, fma, vzeroupper, avx512_vpopcntdq, avx512_vpclmulqdq, avx512_vaes, avx512_vnni, clflush, clflushopt, clwb, avx512_vbmi2, avx512_vbmi

Memory: 4k page, system-wide physical 16126M (639M free)
TotalPageFile size 46540M (AvailPageFile size 108M)
current process WorkingSet (physical memory assigned to process): 11M, peak: 11M
current process commit charge ("private bytes"): 52M, peak: 304M

vm_info: Java HotSpot(TM) 64-Bit Server VM (17.0.12+8-LTS-286) for windows-amd64 JRE (17.0.12+8-LTS-286), built on Jun  5 2024 06:46:59 by "mach5one" with MS VC++ 17.6 (VS2022)

END.
